<?xml version="1.0" encoding="UTF-8"?>
<!-- Generated by org.testng.reporters.JUnitReportReporter -->
<testsuite skipped="0" hostname="kuttyma-PC" name="sampleTest.SampleTest" tests="1" failures="0" timestamp="28 Oct 2018 03:01:37 GMT" time="35.910" errors="0">
  <testcase name="loginTest" time="35.910" classname="sampleTest.SampleTest"/>
</testsuite> <!-- sampleTest.SampleTest -->
